Flow report for Negator
Wed Oct 30 10:12:31 2019
Quartus Prime Version 18.0.0 Build 614 04/24/2018 SJ Lite Edition


---------------------
; Table of Contents ;
---------------------
  1. Legal Notice
  2. Flow Summary
  3. Flow Settings
  4. Flow Non-Default Global Settings
  5. Flow Elapsed Time
  6. Flow OS Summary
  7. Flow Log
  8. Flow Messages
  9. Flow Suppressed Messages



----------------
; Legal Notice ;
----------------
Copyright (C) 2018  Intel Corporation. All rights reserved.
Your use of Intel Corporation's design tools, logic functions 
and other software and tools, and its AMPP partner logic 
functions, and any output files from any of the foregoing 
(including device programming or simulation files), and any 
associated documentation or information are expressly subject 
to the terms and conditions of the Intel Program License 
Subscription Agreement, the Intel Quartus Prime License Agreement,
the Intel FPGA IP License Agreement, or other applicable license
agreement, including, without limitation, that your use is for
the sole purpose of programming logic devices manufactured by
Intel and sold by Intel or its authorized distributors.  Please
refer to the applicable agreement for further details.



+---------------------------------------------------------------------+
; Flow Summary                                                        ;
+-----------------------+---------------------------------------------+
; Flow Status           ; Successful - Wed Oct 30 10:12:24 2019       ;
; Quartus Prime Version ; 18.0.0 Build 614 04/24/2018 SJ Lite Edition ;
; Revision Name         ; Negator                                     ;
; Top-level Entity Name ; Negator                                     ;
; Family                ; MAX II                                      ;
; Device                ; EPM2210F324C3                               ;
; Timing Models         ; Final                                       ;
; Total logic elements  ; 3 / 2,210 ( < 1 % )                         ;
; Total pins            ; 8 / 272 ( 3 % )                             ;
; Total virtual pins    ; 0                                           ;
; UFM blocks            ; 0 / 1 ( 0 % )                               ;
+-----------------------+---------------------------------------------+


+-----------------------------------------+
; Flow Settings                           ;
+-------------------+---------------------+
; Option            ; Setting             ;
+-------------------+---------------------+
; Start date & time ; 10/30/2019 10:12:05 ;
; Main task         ; Compilation         ;
; Revision Name     ; Negator             ;
+-------------------+---------------------+


+-------------------------------------------------------------------------------------------------------------------+
; Flow Non-Default Global Settings                                                                                  ;
+---------------------------------------+--------------------------------+---------------+-------------+------------+
; Assignment Name                       ; Value                          ; Default Value ; Entity Name ; Section Id ;
+---------------------------------------+--------------------------------+---------------+-------------+------------+
; COMPILER_SIGNATURE_ID                 ; 79497675083528.157245192515344 ; --            ; --          ; --         ;
; MAX_CORE_JUNCTION_TEMP                ; 85                             ; --            ; --          ; --         ;
; MIN_CORE_JUNCTION_TEMP                ; 0                              ; --            ; --          ; --         ;
; MISC_FILE                             ; mux4to1.bsf                    ; --            ; --          ; --         ;
; MISC_FILE                             ; mux4to1.cmp                    ; --            ; --          ; --         ;
; POWER_EXT_SUPPLY_VOLTAGE_TO_REGULATOR ; 3.3V                           ; --            ; --          ; --         ;
; PROJECT_OUTPUT_DIRECTORY              ; output_files                   ; --            ; --          ; --         ;
+---------------------------------------+--------------------------------+---------------+-------------+------------+


+--------------------------------------------------------------------------------------------------------------------------+
; Flow Elapsed Time                                                                                                        ;
+----------------------+--------------+-------------------------+---------------------+------------------------------------+
; Module Name          ; Elapsed Time ; Average Processors Used ; Peak Virtual Memory ; Total CPU Time (on all processors) ;
+----------------------+--------------+-------------------------+---------------------+------------------------------------+
; Analysis & Synthesis ; 00:00:12     ; 1.0                     ; 4790 MB             ; 00:00:23                           ;
; Fitter               ; 00:00:02     ; 1.0                     ; 5345 MB             ; 00:00:01                           ;
; Assembler            ; 00:00:02     ; 1.0                     ; 4671 MB             ; 00:00:01                           ;
; Timing Analyzer      ; 00:00:03     ; 1.0                     ; 4695 MB             ; 00:00:01                           ;
; Total                ; 00:00:19     ; --                      ; --                  ; 00:00:26                           ;
+----------------------+--------------+-------------------------+---------------------+------------------------------------+


+------------------------------------------------------------------------------------+
; Flow OS Summary                                                                    ;
+----------------------+------------------+------------+------------+----------------+
; Module Name          ; Machine Hostname ; OS Name    ; OS Version ; Processor type ;
+----------------------+------------------+------------+------------+----------------+
; Analysis & Synthesis ; ENA30509         ; Windows 10 ; 10.0       ; x86_64         ;
; Fitter               ; ENA30509         ; Windows 10 ; 10.0       ; x86_64         ;
; Assembler            ; ENA30509         ; Windows 10 ; 10.0       ; x86_64         ;
; Timing Analyzer      ; ENA30509         ; Windows 10 ; 10.0       ; x86_64         ;
+----------------------+------------------+------------+------------+----------------+


------------
; Flow Log ;
------------
quartus_map --read_settings_files=on --write_settings_files=off Negator -c Negator
quartus_fit --read_settings_files=off --write_settings_files=off Negator -c Negator
quartus_asm --read_settings_files=off --write_settings_files=off Negator -c Negator
quartus_sta Negator -c Negator



